EPOCH: 0
Mean loss: 0.2020897927912957
100%|████████| 821/821 [07:00<00:00,  1.95it/s]
EPOCH: 1
Mean loss: 0.13083994608195487
100%|████████| 821/821 [07:00<00:00,  1.95it/s]
EPOCH: 2
Mean loss: 0.11713739130623303
100%|██████████████| 821/821 [07:02<00:00,  1.94it/s]
EPOCH: 3
Mean loss: 0.1091034767534425
100%|██████████████| 821/821 [07:00<00:00,  1.95it/s]
EPOCH: 4
Mean loss: 0.10353083046205369
100%|██████████████| 821/821 [07:04<00:00,  1.94it/s]
EPOCH: 5
Mean loss: 0.09847607346076913
100%|██████████████| 821/821 [07:03<00:00,  1.94it/s]
EPOCH: 6
Mean loss: 0.09503175816232118
100%|██████████████| 821/821 [07:04<00:00,  1.94it/s]
EPOCH: 7
Mean loss: 0.09056403795563492
EPOCH: 8
Mean loss: 0.0895311044989637
100%|█| 821/821 [07:03<00:00
EPOCH: 9
Mean loss: 0.086916571135897
100%|█| 821/821 [06:58<00:00
EPOCH: 10
Mean loss: 0.08537316607508749
100%|█| 821/821 [06:57<00:00
EPOCH: 11
Mean loss: 0.08339948068292365
100%|█| 821/821 [06:57<00:00
EPOCH: 12
Mean loss: 0.08142901074490652
100%|█| 821/821 [06:57<00:00
EPOCH: 13
Mean loss: 0.07871101527326217
100%|█| 821/821 [07:04<00:00
EPOCH: 14
Mean loss: 0.07713826309467567
100%|█| 821/821 [07:04<00:00
EPOCH: 15
Mean loss: 0.07730806141810426
100%|█| 821/821 [07:04<00:00
EPOCH: 16
Mean loss: 0.07489839578489801
100%|█| 821/821 [07:09<00:00
EPOCH: 17
Mean loss: 0.0737799199391043
100%|█| 821/821 [07:08<00:00
EPOCH: 18
Mean loss: 0.07318988319681492
100%|█| 821/821 [07:06<00:00
EPOCH: 19
Mean loss: 0.07333393826917377